<?xml version="1.0" encoding="UTF-8"?>
<testsuite xmlns:xsi="http://www.w3.org/2001/XMLSchema-instance" xsi:schemaLocation="https://maven.apache.org/surefire/maven-surefire-plugin/xsd/surefire-test-report.xsd" name="runners.TestRunner" time="29.716" tests="8" errors="0" skipped="0" failures="2">
  <properties>
    <property name="java.runtime.name" value="Java(TM) SE Runtime Environment"/>
    <property name="sun.boot.library.path" value="C:\Program Files\Java\jdk1.8.0_211\jre\bin"/>
    <property name="java.vm.version" value="25.211-b12"/>
    <property name="java.vm.vendor" value="Oracle Corporation"/>
    <property name="maven.multiModuleProjectDirectory" value="D:\myworkspace\qaautomation"/>
    <property name="java.vendor.url" value="http://java.oracle.com/"/>
    <property name="path.separator" value=";"/>
    <property name="guice.disable.misplaced.annotation.check" value="true"/>
    <property name="java.vm.name" value="Java HotSpot(TM) 64-Bit Server VM"/>
    <property name="file.encoding.pkg" value="sun.io"/>
    <property name="user.script" value=""/>
    <property name="user.country" value="IN"/>
    <property name="sun.java.launcher" value="SUN_STANDARD"/>
    <property name="sun.os.patch.level" value=""/>
    <property name="java.vm.specification.name" value="Java Virtual Machine Specification"/>
    <property name="user.dir" value="D:\myworkspace\qaautomation"/>
    <property name="java.runtime.version" value="1.8.0_211-b12"/>
    <property name="java.awt.graphicsenv" value="sun.awt.Win32GraphicsEnvironment"/>
    <property name="java.endorsed.dirs" value="C:\Program Files\Java\jdk1.8.0_211\jre\lib\endorsed"/>
    <property name="os.arch" value="amd64"/>
    <property name="java.io.tmpdir" value="C:\Users\GANESH~1\AppData\Local\Temp\"/>
    <property name="line.separator" value="&#10;"/>
    <property name="java.vm.specification.vendor" value="Oracle Corporation"/>
    <property name="user.variant" value=""/>
    <property name="os.name" value="Windows 10"/>
    <property name="classworlds.conf" value="D:\apache-maven-3.6.3\bin\..\bin\m2.conf"/>
    <property name="sun.jnu.encoding" value="Cp1252"/>
    <property name="java.library.path" value="C:\Program Files\Java\jdk1.8.0_211\bin;C:\WINDOWS\Sun\Java\bin;C:\WINDOWS\system32;C:\WINDOWS;C:\Program Files (x86)\Common Files\Oracle\Java\javapath;C:\WINDOWS\system32;C:\WINDOWS;C:\WINDOWS\System32\Wbem;C:\WINDOWS\System32\WindowsPowerShell\v1.0\;C:\WINDOWS\System32\OpenSSH\;C:\Program Files\Java\jdk1.8.0_211\bin;C:\Program Files\Git\cmd;D:\Hadoop\hadoop-2.8.0\bin;C:\apache\db-derby-10.14.2.0-bin\bin;D:\Hadoop\hadoop-2.8.0\sbin;D:\Hadoop\hadoop-2.8.0\share\hadoop\common\*;D:\Hadoop\hadoop-2.8.0\share\hadoop\hdfs;D:\Hadoop\hadoop-2.8.0\share\hadoop\hdfs\lib\*;D:\Hadoop\hadoop-2.8.0\share\hadoop\hdfs\*;D:\Hadoop\hadoop-2.8.0\share\hadoop\yarn\lib\*;D:\Hadoop\hadoop-2.8.0\share\hadoop\yarn\*;D:\Hadoop\hadoop-2.8.0\share\hadoop\mapreduce\lib\*;D:\Hadoop\hadoop-2.8.0\share\hadoop\mapreduce\*;D:\Hadoop\hadoop-2.8.0\share\hadoop\common\lib\*;C:\Users\Ganesh Kumar\AppData\Local\Programs\Python\Python37-32;C:\Users\Ganesh Kumar\AppData\Local\Programs\Python\Python37-32\Scripts;C:\Program Files\nodejs\;D:\apache-maven-3.6.3\bin;%HIVE_HOME%\bin;D:\hive\apache-hive-3.1.1-bin;%SPARK_HOME%\bin;%HADOOP_HOME_WIN%\bin;C:\winutils\bin;C:\Users\Ganesh Kumar\AppData\Local\Microsoft\WindowsApps;C:\Program Files\Docker Toolbox;C:\Users\Ganesh Kumar\AppData\Local\Programs\Microsoft VS Code\bin;C:\Users\Ganesh Kumar\AppData\Roaming\npm;."/>
    <property name="maven.conf" value="D:\apache-maven-3.6.3\bin\../conf"/>
    <property name="java.specification.name" value="Java Platform API Specification"/>
    <property name="java.class.version" value="52.0"/>
    <property name="sun.management.compiler" value="HotSpot 64-Bit Tiered Compilers"/>
    <property name="os.version" value="10.0"/>
    <property name="library.jansi.path" value="D:\apache-maven-3.6.3\bin\..\lib\jansi-native"/>
    <property name="user.home" value="C:\Users\Ganesh Kumar"/>
    <property name="user.timezone" value="Asia/Calcutta"/>
    <property name="java.awt.printerjob" value="sun.awt.windows.WPrinterJob"/>
    <property name="java.specification.version" value="1.8"/>
    <property name="file.encoding" value="Cp1252"/>
    <property name="user.name" value="Ganesh Kumar"/>
    <property name="java.class.path" value="D:\apache-maven-3.6.3\bin\..\boot\plexus-classworlds-2.6.0.jar"/>
    <property name="java.vm.specification.version" value="1.8"/>
    <property name="sun.arch.data.model" value="64"/>
    <property name="java.home" value="C:\Program Files\Java\jdk1.8.0_211\jre"/>
    <property name="sun.java.command" value="org.codehaus.plexus.classworlds.launcher.Launcher test"/>
    <property name="java.specification.vendor" value="Oracle Corporation"/>
    <property name="user.language" value="en"/>
    <property name="awt.toolkit" value="sun.awt.windows.WToolkit"/>
    <property name="java.vm.info" value="mixed mode"/>
    <property name="java.version" value="1.8.0_211"/>
    <property name="java.ext.dirs" value="C:\Program Files\Java\jdk1.8.0_211\jre\lib\ext;C:\WINDOWS\Sun\Java\lib\ext"/>
    <property name="sun.boot.class.path" value="C:\Program Files\Java\jdk1.8.0_211\jre\lib\resources.jar;C:\Program Files\Java\jdk1.8.0_211\jre\lib\rt.jar;C:\Program Files\Java\jdk1.8.0_211\jre\lib\sunrsasign.jar;C:\Program Files\Java\jdk1.8.0_211\jre\lib\jsse.jar;C:\Program Files\Java\jdk1.8.0_211\jre\lib\jce.jar;C:\Program Files\Java\jdk1.8.0_211\jre\lib\charsets.jar;C:\Program Files\Java\jdk1.8.0_211\jre\lib\jfr.jar;C:\Program Files\Java\jdk1.8.0_211\jre\classes"/>
    <property name="sun.stderr.encoding" value="cp437"/>
    <property name="java.vendor" value="Oracle Corporation"/>
    <property name="maven.home" value="D:\apache-maven-3.6.3\bin\.."/>
    <property name="file.separator" value="\"/>
    <property name="java.vendor.url.bug" value="http://bugreport.sun.com/bugreport/"/>
    <property name="sun.cpu.endian" value="little"/>
    <property name="sun.io.unicode.encoding" value="UnicodeLittle"/>
    <property name="sun.stdout.encoding" value="cp437"/>
    <property name="sun.desktop" value="windows"/>
    <property name="sun.cpu.isalist" value="amd64"/>
  </properties>
  <testcase name="Given I visit the website" classname="Scenario: User should be able to login with valid account" time="0.002"/>
  <testcase name="When I enter valid account detaits" classname="Scenario: User should be able to login with valid account" time="0"/>
  <testcase name="Then I should be able to login" classname="Scenario: User should be able to login with valid account" time="0"/>
  <testcase name="Scenario: User should be able to login with valid account" classname="Scenario: User should be able to login with valid account" time="0.598"/>
  <testcase name="Given I visit the website" classname="Scenario: User should not be able to login with account" time="0"/>
  <testcase name="When I enter invalid account detaits" classname="Scenario: User should not be able to login with account" time="0"/>
  <testcase name="Then I should not be able to login" classname="Scenario: User should not be able to login with account" time="0.005">
    <failure message="expected:&lt;OrangeHRM[44]&gt; but was:&lt;OrangeHRM[]&gt;" type="org.junit.ComparisonFailure"><![CDATA[org.junit.ComparisonFailure: expected:<OrangeHRM[44]> but was:<OrangeHRM[]>
]]></failure>
  </testcase>
  <testcase name="Scenario: User should not be able to login with account" classname="Scenario: User should not be able to login with account" time="0.005">
    <failure message="expected:&lt;OrangeHRM[44]&gt; but was:&lt;OrangeHRM[]&gt;" type="org.junit.ComparisonFailure"><![CDATA[org.junit.ComparisonFailure: expected:<OrangeHRM[44]> but was:<OrangeHRM[]>
]]></failure>
  </testcase>
</testsuite>